0 info it worked if it ends with ok
1 verbose cli [ 'C:\\Program Files\\nodejs\\node.exe',
1 verbose cli   'C:\\Users\\Carlos.Danna\\AppData\\Roaming\\npm\\node_modules\\npm\\bin\\npm-cli.js',
1 verbose cli   'start' ]
2 info using npm@3.5.2
3 info using node@v5.0.0
4 verbose run-script [ 'prestart', 'start', 'poststart' ]
5 info lifecycle reacttutorialproject@1.0.0~prestart: reacttutorialproject@1.0.0
6 silly lifecycle reacttutorialproject@1.0.0~prestart: no script for prestart, continuing
7 info lifecycle reacttutorialproject@1.0.0~start: reacttutorialproject@1.0.0
8 verbose lifecycle reacttutorialproject@1.0.0~start: unsafe-perm in lifecycle true
9 verbose lifecycle reacttutorialproject@1.0.0~start: PATH: C:\Users\Carlos.Danna\AppData\Roaming\npm\node_modules\npm\bin\node-gyp-bin;C:\Users\Carlos.Danna\Desktop\ReactTutorialProject\node_modules\.bin;C:\Windows\system32;C:\Windows;C:\Windows\System32\Wbem;C:\Windows\System32\WindowsPowerShell\v1.0\;C:\Program Files (x86)\Intel\OpenCL SDK\2.0\bin\x86;C:\Program Files (x86)\Intel\OpenCL SDK\2.0\bin\x64;C:\Program Files\Microsoft SQL Server\110\Tools\Binn\;C:\Program Files\Microsoft SQL Server\120\Tools\Binn\;C:\Program Files\TortoiseSVN\bin;C:\mongodb\bin;C:\Program Files\nodejs\;C:\Ruby22-x64\bin;C:\Program Files\Git\cmd;C:\Program Files (x86)\GtkSharp\2.12\bin;C:\Program Files\TortoiseGit\bin;C:\Python27\;C:\Program Files (x86)\Windows Kits\8.1\Windows Performance Toolkit\;C:\Program Files (x86)\Microsoft SDKs\TypeScript\1.0\;C:\Program Files (x86)\Skype\Phone\;C:\Ruby22-x64\bin;.bin;C:\Users\Carlos.Danna\AppData\Roaming\npm
10 verbose lifecycle reacttutorialproject@1.0.0~start: CWD: C:\Users\Carlos.Danna\Desktop\ReactTutorialProject
11 silly lifecycle reacttutorialproject@1.0.0~start: Args: [ '/d /s /c',
11 silly lifecycle   'watchify src/main.jsx -v -t [ babelify --presets [react] ] -o public/js/main.js' ]
12 silly lifecycle reacttutorialproject@1.0.0~start: Returned: code: 1  signal: null
13 info lifecycle reacttutorialproject@1.0.0~start: Failed to exec start script
14 verbose stack Error: reacttutorialproject@1.0.0 start: `watchify src/main.jsx -v -t [ babelify --presets [react] ] -o public/js/main.js`
14 verbose stack Exit status 1
14 verbose stack     at EventEmitter.<anonymous> (C:\Users\Carlos.Danna\AppData\Roaming\npm\node_modules\npm\lib\utils\lifecycle.js:232:16)
14 verbose stack     at emitTwo (events.js:87:13)
14 verbose stack     at EventEmitter.emit (events.js:172:7)
14 verbose stack     at ChildProcess.<anonymous> (C:\Users\Carlos.Danna\AppData\Roaming\npm\node_modules\npm\lib\utils\spawn.js:24:14)
14 verbose stack     at emitTwo (events.js:87:13)
14 verbose stack     at ChildProcess.emit (events.js:172:7)
14 verbose stack     at maybeClose (internal/child_process.js:818:16)
14 verbose stack     at Process.ChildProcess._handle.onexit (internal/child_process.js:211:5)
15 verbose pkgid reacttutorialproject@1.0.0
16 verbose cwd C:\Users\Carlos.Danna\Desktop\ReactTutorialProject
17 error Windows_NT 6.1.7601
18 error argv "C:\\Program Files\\nodejs\\node.exe" "C:\\Users\\Carlos.Danna\\AppData\\Roaming\\npm\\node_modules\\npm\\bin\\npm-cli.js" "start"
19 error node v5.0.0
20 error npm  v3.5.2
21 error code ELIFECYCLE
22 error reacttutorialproject@1.0.0 start: `watchify src/main.jsx -v -t [ babelify --presets [react] ] -o public/js/main.js`
22 error Exit status 1
23 error Failed at the reacttutorialproject@1.0.0 start script 'watchify src/main.jsx -v -t [ babelify --presets [react] ] -o public/js/main.js'.
23 error Make sure you have the latest version of node.js and npm installed.
23 error If you do, this is most likely a problem with the reacttutorialproject package,
23 error not with npm itself.
23 error Tell the author that this fails on your system:
23 error     watchify src/main.jsx -v -t [ babelify --presets [react] ] -o public/js/main.js
23 error You can get information on how to open an issue for this project with:
23 error     npm bugs reacttutorialproject
23 error Or if that isn't available, you can get their info via:
23 error     npm owner ls reacttutorialproject
23 error There is likely additional logging output above.
24 verbose exit [ 1, true ]
